TN:
SF:src/app.ts
FNF:0
FNH:0
DA:7,1
DA:8,1
DA:9,1
DA:11,1
DA:12,1
LF:5
LH:5
BRF:0
BRH:0
end_of_record
TN:
SF:src/database.ts
FNF:0
FNH:0
DA:3,2
DA:4,2
LF:2
LH:2
BRF:0
BRH:0
end_of_record
TN:
SF:src/controllers/recommendationController.ts
FN:6,insert
FN:17,upvote
FN:25,downvote
FN:33,random
FN:39,get
FN:44,getTop
FN:51,getById
FNF:7
FNH:7
FNDA:4,insert
FNDA:1,upvote
FNDA:1,downvote
FNDA:1,random
FNDA:1,get
FNDA:1,getTop
FNDA:1,getById
DA:7,4
DA:8,4
DA:9,1
DA:12,3
DA:14,2
DA:18,1
DA:20,1
DA:22,1
DA:26,1
DA:28,1
DA:30,1
DA:34,1
DA:36,1
DA:40,1
DA:41,1
DA:45,1
DA:47,1
DA:48,1
DA:52,1
DA:54,1
DA:55,1
DA:58,1
LF:22
LH:22
BRDA:8,0,0,1
BRF:1
BRH:1
end_of_record
TN:
SF:src/middlewares/errorHandlerMiddleware.ts
FN:8,errorHandlerMiddleware
FNF:1
FNH:1
FNDA:2,errorHandlerMiddleware
DA:15,2
DA:16,2
DA:19,0
LF:3
LH:2
BRDA:15,0,0,2
BRF:1
BRH:1
end_of_record
TN:
SF:src/repositories/recommendationRepository.ts
FN:5,create
FN:11,findByName
FN:24,findAll
FN:34,getAmountByScore
FN:41,getFindAllFilter
FN:53,find
FN:59,updateScore
FN:68,remove
FNF:8
FNH:8
FNDA:2,create
FNDA:3,findByName
FNDA:2,findAll
FNDA:1,getAmountByScore
FNDA:2,getFindAllFilter
FNDA:3,find
FNDA:3,updateScore
FNDA:1,remove
DA:6,2
DA:12,3
DA:25,2
DA:27,2
DA:35,1
DA:44,2
DA:46,1
DA:48,1
DA:54,3
DA:60,3
DA:69,1
DA:74,2
LF:12
LH:12
BRDA:44,0,0,1
BRF:1
BRH:1
end_of_record
TN:
SF:src/routers/recommendationRouter.ts
FNF:0
FNH:0
DA:4,1
DA:6,1
DA:7,1
DA:8,1
DA:9,1
DA:10,1
DA:11,1
DA:12,1
LF:8
LH:8
BRF:0
BRH:0
end_of_record
TN:
SF:src/schemas/recommendationsSchemas.ts
FNF:0
FNH:0
DA:4,1
DA:6,1
LF:2
LH:2
BRF:0
BRH:0
end_of_record
TN:
SF:src/services/recommendationsService.ts
FN:7,insert
FN:14,upvote
FN:21,downvote
FN:32,getById
FN:36,get
FN:40,getTop
FN:44,getRandom
FN:57,getByScore
FN:70,getScoreFilter
FNF:9
FNH:9
FNDA:4,insert
FNDA:2,upvote
FNDA:3,downvote
FNDA:1,getById
FNDA:1,get
FNDA:1,getTop
FNDA:4,getRandom
FNDA:4,getByScore
FNDA:4,getScoreFilter
DA:8,4
DA:9,4
DA:11,2
DA:15,2
DA:16,2
DA:18,1
DA:22,3
DA:23,3
DA:25,2
DA:27,2
DA:28,1
DA:33,1
DA:37,1
DA:41,1
DA:45,4
DA:46,4
DA:48,4
DA:49,4
DA:50,1
DA:53,3
DA:54,3
DA:58,4
DA:63,4
DA:64,3
DA:67,1
DA:72,4
DA:73,2
DA:76,2
DA:79,2
LF:29
LH:29
BRDA:9,0,0,2
BRDA:16,1,0,1
BRDA:23,2,0,1
BRDA:27,3,0,1
BRDA:49,4,0,1
BRDA:63,5,0,3
BRDA:72,6,0,2
BRF:7
BRH:7
end_of_record
TN:
SF:src/utils/errorUtils.ts
FN:7,isAppError
FN:11,errorTypeToStatusCode
FN:19,conflictError
FN:23,notFoundError
FN:27,unauthorizedError
FN:31,wrongSchemaError
FNF:6
FNH:5
FNDA:2,isAppError
FNDA:2,errorTypeToStatusCode
FNDA:2,conflictError
FNDA:3,notFoundError
FNDA:0,unauthorizedError
FNDA:1,wrongSchemaError
DA:8,2
DA:12,2
DA:13,1
DA:14,1
DA:15,1
DA:16,0
DA:20,2
DA:24,3
DA:28,0
DA:32,1
LF:10
LH:8
BRDA:12,0,0,1
BRDA:13,1,0,0
BRDA:14,2,0,0
BRDA:15,3,0,1
BRDA:20,4,0,2
BRDA:20,4,1,0
BRDA:20,5,0,2
BRDA:20,5,1,2
BRDA:24,6,0,0
BRDA:24,6,1,3
BRDA:24,7,0,3
BRDA:24,7,1,3
BRDA:28,8,0,0
BRDA:28,8,1,0
BRDA:28,9,0,0
BRDA:28,9,1,0
BRDA:32,10,0,0
BRDA:32,10,1,1
BRDA:32,11,0,1
BRDA:32,11,1,1
BRF:20
BRH:11
end_of_record
TN:
SF:tests/factories/recommendationFactory.ts
FN:5,recommendationFactory
FN:13,dummyRecommendations
FNF:2
FNH:2
FNDA:2,recommendationFactory
FNDA:6,dummyRecommendations
DA:6,2
DA:14,6
DA:79,6
LF:3
LH:3
BRF:0
BRH:0
end_of_record
